0 info it worked if it ends with ok
1 verbose cli [ '/Users/lisannechin/.nvm/versions/node/v7.6.0/bin/node',
1 verbose cli   '/Users/lisannechin/.nvm/versions/node/v7.6.0/bin/npm',
1 verbose cli   'run',
1 verbose cli   'dev' ]
2 info using npm@4.1.2
3 info using node@v7.6.0
4 verbose run-script [ 'predev', 'dev', 'postdev' ]
5 info lifecycle list-of-numbers@1.0.0~predev: list-of-numbers@1.0.0
6 silly lifecycle list-of-numbers@1.0.0~predev: no script for predev, continuing
7 info lifecycle list-of-numbers@1.0.0~dev: list-of-numbers@1.0.0
8 verbose lifecycle list-of-numbers@1.0.0~dev: unsafe-perm in lifecycle true
9 verbose lifecycle list-of-numbers@1.0.0~dev: PATH: /Users/lisannechin/.nvm/versions/node/v7.6.0/lib/node_modules/npm/bin/node-gyp-bin:/Users/lisannechin/Downloads/front-end tests/2. List of numbers/node_modules/.bin:/Users/lisannechin/.nvm/versions/node/v7.6.0/bin:/Users/lisannechin/.rbenv/shims:/usr/local/bin:/usr/bin:/bin:/usr/sbin:/sbin
10 verbose lifecycle list-of-numbers@1.0.0~dev: CWD: /Users/lisannechin/Downloads/front-end tests/2. List of numbers
11 silly lifecycle list-of-numbers@1.0.0~dev: Args: [ '-c', 'node ./tasks/sass.js' ]
12 silly lifecycle list-of-numbers@1.0.0~dev: Returned: code: 1  signal: null
13 info lifecycle list-of-numbers@1.0.0~dev: Failed to exec dev script
14 verbose stack Error: list-of-numbers@1.0.0 dev: `node ./tasks/sass.js`
14 verbose stack Exit status 1
14 verbose stack     at EventEmitter.<anonymous> (/Users/lisannechin/.nvm/versions/node/v7.6.0/lib/node_modules/npm/lib/utils/lifecycle.js:279:16)
14 verbose stack     at emitTwo (events.js:106:13)
14 verbose stack     at EventEmitter.emit (events.js:192:7)
14 verbose stack     at ChildProcess.<anonymous> (/Users/lisannechin/.nvm/versions/node/v7.6.0/lib/node_modules/npm/lib/utils/spawn.js:40:14)
14 verbose stack     at emitTwo (events.js:106:13)
14 verbose stack     at ChildProcess.emit (events.js:192:7)
14 verbose stack     at maybeClose (internal/child_process.js:890:16)
14 verbose stack     at Process.ChildProcess._handle.onexit (internal/child_process.js:226:5)
15 verbose pkgid list-of-numbers@1.0.0
16 verbose cwd /Users/lisannechin/Downloads/front-end tests/2. List of numbers
17 error Darwin 16.7.0
18 error argv "/Users/lisannechin/.nvm/versions/node/v7.6.0/bin/node" "/Users/lisannechin/.nvm/versions/node/v7.6.0/bin/npm" "run" "dev"
19 error node v7.6.0
20 error npm  v4.1.2
21 error code ELIFECYCLE
22 error list-of-numbers@1.0.0 dev: `node ./tasks/sass.js`
22 error Exit status 1
23 error Failed at the list-of-numbers@1.0.0 dev script 'node ./tasks/sass.js'.
23 error Make sure you have the latest version of node.js and npm installed.
23 error If you do, this is most likely a problem with the list-of-numbers package,
23 error not with npm itself.
23 error Tell the author that this fails on your system:
23 error     node ./tasks/sass.js
23 error You can get information on how to open an issue for this project with:
23 error     npm bugs list-of-numbers
23 error Or if that isn't available, you can get their info via:
23 error     npm owner ls list-of-numbers
23 error There is likely additional logging output above.
24 verbose exit [ 1, true ]
